GROUP,PACKAGE,CLASS,INSTRUCTION_MISSED,INSTRUCTION_COVERED,BRANCH_MISSED,BRANCH_COVERED,LINE_MISSED,LINE_COVERED,COMPLEXITY_MISSED,COMPLEXITY_COVERED,METHOD_MISSED,METHOD_COVERED
curso-sistema,default,IndexController,5,0,0,0,2,0,2,0,2,0
curso-sistema,com.example.vvs.VVS.Project.controllers,DisciplinaController,28,0,0,0,8,0,4,0,4,0
curso-sistema,com.example.vvs.VVS.Project.controllers,ProfessorController,28,0,0,0,8,0,4,0,4,0
curso-sistema,com.example.vvs.VVS.Project.models,Disciplina,123,3,10,0,22,1,15,1,10,1
curso-sistema,com.example.vvs.VVS.Project.models,Turno,34,0,0,0,2,0,1,0,1,0
curso-sistema,com.example.vvs.VVS.Project.models,Professor,120,15,10,0,21,6,14,3,9,3
curso-sistema,com.example.vvs.VVS.Project.models,DiaSemana,54,0,0,0,2,0,1,0,1,0
curso-sistema,com.example.vvs.VVS.Project,VvsProjectApplication,5,3,0,0,2,1,1,1,1,1
curso-sistema,com.example.vvs.VVS.Project,DataConfiguration,58,0,0,0,10,0,2,0,2,0
