<?xml version="1.0" encoding="UTF-8"?>
<testsuite xmlns:xsi="http://www.w3.org/2001/XMLSchema-instance" xsi:noNamespaceSchemaLocation="https://maven.apache.org/surefire/maven-surefire-plugin/xsd/surefire-test-report.xsd" name="com.example.vvs.VVS.Project.ProfessorTest" time="5.47" tests="4" errors="0" skipped="0" failures="0">
  <properties>
[...]
</properties>
  <testcase name="testCargaHorariaPorId" classname="com.example.vvs.VVS.Project.ProfessorTest" time="0.372"/>
  <testcase name="testListaPorCargaHoraria" classname="com.example.vvs.VVS.Project.ProfessorTest" time="0.262"/>
  <testcase name="testLListaTodosProfessores" classname="com.example.vvs.VVS.Project.ProfessorTest" time="0.022"/>
  <testcase name="testCargaHorariaPorNome" classname="com.example.vvs.VVS.Project.ProfessorTest" time="0.019"/>
</testsuite>